This is pdfTeX, Version 3.141592653-2.6-1.40.26 (MiKTeX 24.4) (preloaded format=pdflatex 2025.1.26)  17 FEB 2025 23:10
entering extended mode
 restricted \write18 enabled.
 file:line:error style messages enabled.
 %&-line parsing enabled.
**c:/GitHub/DataScience/wk_04/tex/Lab_4_JIC.tex
(c:/GitHub/DataScience/wk_04/tex/Lab_4_JIC.tex
LaTeX2e <2024-11-01> patch level 1
L3 programming layer <2024-12-25>
(C:\Users\chowdhuryj\AppData\Local\Programs\MiKTeX\tex/latex/base\article.cls
Document Class: article 2024/06/29 v1.4n Standard LaTeX document class
(C:\Users\chowdhuryj\AppData\Local\Programs\MiKTeX\tex/latex/base\size10.clo
File: size10.clo 2024/06/29 v1.4n Standard LaTeX file (size option)
)
\c@part=\count196
\c@section=\count197
\c@subsection=\count198
\c@subsubsection=\count199
\c@paragraph=\count266
\c@subparagraph=\count267
\c@figure=\count268
\c@table=\count269
\abovecaptionskip=\skip49
\belowcaptionskip=\skip50
\bibindent=\dimen141
) (C:\Users\chowdhuryj\AppData\Local\Programs\MiKTeX\tex/latex/graphics\graphicx.sty
Package: graphicx 2021/09/16 v1.2d Enhanced LaTeX Graphics (DPC,SPQR)
 (C:\Users\chowdhuryj\AppData\Local\Programs\MiKTeX\tex/latex/graphics\keyval.sty
Package: keyval 2022/05/29 v1.15 key=value parser (DPC)
\KV@toks@=\toks17
) (C:\Users\chowdhuryj\AppData\Local\Programs\MiKTeX\tex/latex/graphics\graphics.sty
Package: graphics 2024/08/06 v1.4g Standard LaTeX Graphics (DPC,SPQR)
 (C:\Users\chowdhuryj\AppData\Local\Programs\MiKTeX\tex/latex/graphics\trig.sty
Package: trig 2023/12/02 v1.11 sin cos tan (DPC)
) (C:\Users\chowdhuryj\AppData\Local\Programs\MiKTeX\tex/latex/graphics-cfg\graphics.cfg
File: graphics.cfg 2016/06/04 v1.11 sample graphics configuration
)
Package graphics Info: Driver file: pdftex.def on input line 106.
 (C:\Users\chowdhuryj\AppData\Local\Programs\MiKTeX\tex/latex/graphics-def\pdftex.def
File: pdftex.def 2024/04/13 v1.2c Graphics/color driver for pdftex
))
\Gin@req@height=\dimen142
\Gin@req@width=\dimen143
) (C:\Users\chowdhuryj\AppData\Local\Programs\MiKTeX\tex/latex/geometry\geometry.sty
Package: geometry 2020/01/02 v5.9 Page Geometry
 (C:\Users\chowdhuryj\AppData\Local\Programs\MiKTeX\tex/generic/iftex\ifvtex.sty
Package: ifvtex 2019/10/25 v1.7 ifvtex legacy package. Use iftex instead.
 (C:\Users\chowdhuryj\AppData\Local\Programs\MiKTeX\tex/generic/iftex\iftex.sty
Package: iftex 2024/12/12 v1.0g TeX engine tests
))
\Gm@cnth=\count270
\Gm@cntv=\count271
\c@Gm@tempcnt=\count272
\Gm@bindingoffset=\dimen144
\Gm@wd@mp=\dimen145
\Gm@odd@mp=\dimen146
\Gm@even@mp=\dimen147
\Gm@layoutwidth=\dimen148
\Gm@layoutheight=\dimen149
\Gm@layouthoffset=\dimen150
\Gm@layoutvoffset=\dimen151
\Gm@dimlist=\toks18
 (C:\Users\chowdhuryj\AppData\Local\Programs\MiKTeX\tex/latex/geometry\geometry.cfg)) (C:\Users\chowdhuryj\AppData\Local\Programs\MiKTeX\tex/latex/booktabs\booktabs.sty
Package: booktabs 2020/01/12 v1.61803398 Publication quality tables
\heavyrulewidth=\dimen152
\lightrulewidth=\dimen153
\cmidrulewidth=\dimen154
\belowrulesep=\dimen155
\belowbottomsep=\dimen156
\aboverulesep=\dimen157
\abovetopsep=\dimen158
\cmidrulesep=\dimen159
\cmidrulekern=\dimen160
\defaultaddspace=\dimen161
\@cmidla=\count273
\@cmidlb=\count274
\@aboverulesep=\dimen162
\@belowrulesep=\dimen163
\@thisruleclass=\count275
\@lastruleclass=\count276
\@thisrulewidth=\dimen164
) (C:\Users\chowdhuryj\AppData\Local\Programs\MiKTeX\tex/latex/tools\tabularx.sty
Package: tabularx 2023/12/11 v2.12a `tabularx' package (DPC)
 (C:\Users\chowdhuryj\AppData\Local\Programs\MiKTeX\tex/latex/tools\array.sty
Package: array 2024/10/17 v2.6g Tabular extension package (FMi)
\col@sep=\dimen165
\ar@mcellbox=\box52
\extrarowheight=\dimen166
\NC@list=\toks19
\extratabsurround=\skip51
\backup@length=\skip52
\ar@cellbox=\box53
)
\TX@col@width=\dimen167
\TX@old@table=\dimen168
\TX@old@col=\dimen169
\TX@target=\dimen170
\TX@delta=\dimen171
\TX@cols=\count277
\TX@ftn=\toks20
) (C:\Users\chowdhuryj\AppData\Local\Programs\MiKTeX\tex/latex/l3backend\l3backend-pdftex.def
File: l3backend-pdftex.def 2024-05-08 L3 backend support: PDF output (pdfTeX)
\l__color_backend_stack_int=\count278
\l__pdf_internal_box=\box54
) (Lab_4_JIC.aux)
\openout1 = `Lab_4_JIC.aux'.

LaTeX Font Info:    Checking defaults for OML/cmm/m/it on input line 13.
LaTeX Font Info:    ... okay on input line 13.
LaTeX Font Info:    Checking defaults for OMS/cmsy/m/n on input line 13.
LaTeX Font Info:    ... okay on input line 13.
LaTeX Font Info:    Checking defaults for OT1/cmr/m/n on input line 13.
LaTeX Font Info:    ... okay on input line 13.
LaTeX Font Info:    Checking defaults for T1/cmr/m/n on input line 13.
LaTeX Font Info:    ... okay on input line 13.
LaTeX Font Info:    Checking defaults for TS1/cmr/m/n on input line 13.
LaTeX Font Info:    ... okay on input line 13.
LaTeX Font Info:    Checking defaults for OMX/cmex/m/n on input line 13.
LaTeX Font Info:    ... okay on input line 13.
LaTeX Font Info:    Checking defaults for U/cmr/m/n on input line 13.
LaTeX Font Info:    ... okay on input line 13.
 (C:\Users\chowdhuryj\AppData\Local\Programs\MiKTeX\tex/context/base/mkii\supp-pdf.mkii
[Loading MPS to PDF converter (version 2006.09.02).]
\scratchcounter=\count279
\scratchdimen=\dimen172
\scratchbox=\box55
\nofMPsegments=\count280
\nofMParguments=\count281
\everyMPshowfont=\toks21
\MPscratchCnt=\count282
\MPscratchDim=\dimen173
\MPnumerator=\count283
\makeMPintoPDFobject=\count284
\everyMPtoPDFconversion=\toks22
) (C:\Users\chowdhuryj\AppData\Local\Programs\MiKTeX\tex/latex/epstopdf-pkg\epstopdf-base.sty
Package: epstopdf-base 2020-01-24 v2.11 Base part for package epstopdf
Package epstopdf-base Info: Redefining graphics rule for `.eps' on input line 485.
 (C:\Users\chowdhuryj\AppData\Local\Programs\MiKTeX\tex/latex/00miktex\epstopdf-sys.cfg
File: epstopdf-sys.cfg 2021/03/18 v2.0 Configuration of epstopdf for MiKTeX
))
*geometry* driver: auto-detecting
*geometry* detected driver: pdftex
*geometry* verbose mode - [ preamble ] result:
* driver: pdftex
* paper: a4paper
* layout: <same size as paper>
* layoutoffset:(h,v)=(0.0pt,0.0pt)
* modes: 
* h-part:(L,W,R)=(36.135pt, 525.23788pt, 36.135pt)
* v-part:(T,H,B)=(36.135pt, 772.77686pt, 36.135pt)
* \paperwidth=597.50787pt
* \paperheight=845.04684pt
* \textwidth=525.23788pt
* \textheight=772.77686pt
* \oddsidemargin=-36.135pt
* \evensidemargin=-36.135pt
* \topmargin=-73.135pt
* \headheight=12.0pt
* \headsep=25.0pt
* \topskip=10.0pt
* \footskip=30.0pt
* \marginparwidth=4.0pt
* \marginparsep=10.0pt
* \columnsep=40.0pt
* \skip\footins=9.0pt plus 4.0pt minus 2.0pt
* \hoffset=0.0pt
* \voffset=0.0pt
* \mag=1000
* \@twocolumntrue
* \@twosidefalse
* \@mparswitchfalse
* \@reversemarginfalse
* (1in=72.27pt=25.4mm, 1cm=28.453pt)

LaTeX Font Info:    External font `cmex10' loaded for size
(Font)              <12> on input line 18.
LaTeX Font Info:    External font `cmex10' loaded for size
(Font)              <8> on input line 18.
LaTeX Font Info:    External font `cmex10' loaded for size
(Font)              <6> on input line 18.




[1{C:/Users/chowdhuryj/AppData/Local/MiKTeX/fonts/map/pdftex/pdftex.map}



] (Lab_4_JIC.toc
LaTeX Font Info:    External font `cmex10' loaded for size
(Font)              <7> on input line 2.
LaTeX Font Info:    External font `cmex10' loaded for size
(Font)              <5> on input line 2.
)
\tf@toc=\write3
\openout3 = `Lab_4_JIC.toc'.



[2

]
Underfull \hbox (badness 10000) in paragraph at lines 29--32

 []


Underfull \hbox (badness 10000) in paragraph at lines 33--36

 []


Underfull \hbox (badness 10000) in paragraph at lines 42--45
[]\OT1/cmr/m/n/10 The sec-ond dataset is con-tained within a
 []


Underfull \hbox (badness 10000) in paragraph at lines 47--50

 []


Underfull \hbox (badness 10000) in paragraph at lines 74--77

 []


Underfull \hbox (badness 10000) in paragraph at lines 78--80

 []




Underfull \hbox (badness 1132) in paragraph at lines 88--92
\OT1/cmr/m/n/10 ing from \OT1/cmtt/m/n/10 mean - 5*standard[]deviation \OT1/cmr/m/n/10 to \OT1/cmtt/m/n/10 mean +
 []


Underfull \hbox (badness 10000) in paragraph at lines 88--92

 []


Underfull \hbox (badness 10000) in paragraph at lines 93--96

 []

<C:/GitHub/DataScience/wk_04/plots/PDFNormalDistribution.png, id=13, 462.528pt x 346.896pt>
File: C:/GitHub/DataScience/wk_04/plots/PDFNormalDistribution.png Graphic file (type png)
<use C:/GitHub/DataScience/wk_04/plots/PDFNormalDistribution.png>
Package pdftex.def Info: C:/GitHub/DataScience/wk_04/plots/PDFNormalDistribution.png  used on input line 104.
(pdftex.def)             Requested size: 242.61894pt x 181.96432pt.


[3

 <C:/GitHub/DataScience/wk_04/plots/PDFNormalDistribution.png>]
Underfull \hbox (badness 2818) in paragraph at lines 110--110
[]\OT1/cmr/bx/n/12 Creating & Plot-ting Cu-mu-la-tive
 []


Underfull \hbox (badness 10000) in paragraph at lines 111--114

 []


Underfull \hbox (badness 10000) in paragraph at lines 115--118

 []

<C:/GitHub/DataScience/wk_04/plots/CDFNormalDistribution.png, id=20, 462.528pt x 346.896pt>
File: C:/GitHub/DataScience/wk_04/plots/CDFNormalDistribution.png Graphic file (type png)
<use C:/GitHub/DataScience/wk_04/plots/CDFNormalDistribution.png>
Package pdftex.def Info: C:/GitHub/DataScience/wk_04/plots/CDFNormalDistribution.png  used on input line 127.
(pdftex.def)             Requested size: 242.61894pt x 181.96432pt.

Underfull \hbox (badness 10000) in paragraph at lines 132--136

 []


Underfull \hbox (badness 10000) in paragraph at lines 137--140

 []



<C:/GitHub/DataScience/wk_04/plots/PPFHistogram.png, id=21, 462.528pt x 346.896pt>
File: C:/GitHub/DataScience/wk_04/plots/PPFHistogram.png Graphic file (type png)
<use C:/GitHub/DataScience/wk_04/plots/PPFHistogram.png>
Package pdftex.def Info: C:/GitHub/DataScience/wk_04/plots/PPFHistogram.png  used on input line 149.
(pdftex.def)             Requested size: 242.61894pt x 181.96432pt.

Underfull \hbox (badness 10000) in paragraph at lines 154--157

 []



[4 <C:/GitHub/DataScience/wk_04/plots/CDFNormalDistribution.png> <C:/GitHub/DataScience/wk_04/plots/PPFHistogram.png>]
Underfull \hbox (badness 1609) in paragraph at lines 171--171
[]\OT1/cmr/bx/n/10 Normal Dis-tri-bu-tion His-togram of 10
 []

<C:/GitHub/DataScience/wk_04/plots/NDH of 10 Samples.png, id=28, 462.528pt x 346.896pt>
File: C:/GitHub/DataScience/wk_04/plots/NDH of 10 Samples.png Graphic file (type png)
<use C:/GitHub/DataScience/wk_04/plots/NDH of 10 Samples.png>
Package pdftex.def Info: C:/GitHub/DataScience/wk_04/plots/NDH of 10 Samples.png  used on input line 180.
(pdftex.def)             Requested size: 242.61894pt x 181.96432pt.

Underfull \hbox (badness 1609) in paragraph at lines 184--184
[]\OT1/cmr/bx/n/10 Normal Dis-tri-bu-tion His-togram of 20
 []

<C:/GitHub/DataScience/wk_04/plots/NDH of 20 Samples.png, id=29, 462.528pt x 346.896pt>
File: C:/GitHub/DataScience/wk_04/plots/NDH of 20 Samples.png Graphic file (type png)
<use C:/GitHub/DataScience/wk_04/plots/NDH of 20 Samples.png>
Package pdftex.def Info: C:/GitHub/DataScience/wk_04/plots/NDH of 20 Samples.png  used on input line 192.
(pdftex.def)             Requested size: 242.61894pt x 181.96432pt.

Underfull \hbox (badness 1609) in paragraph at lines 196--196
[]\OT1/cmr/bx/n/10 Normal Dis-tri-bu-tion His-togram of 40
 []

<C:/GitHub/DataScience/wk_04/plots/NDH of 40 Samples.png, id=30, 462.528pt x 346.896pt>
File: C:/GitHub/DataScience/wk_04/plots/NDH of 40 Samples.png Graphic file (type png)
<use C:/GitHub/DataScience/wk_04/plots/NDH of 40 Samples.png>
Package pdftex.def Info: C:/GitHub/DataScience/wk_04/plots/NDH of 40 Samples.png  used on input line 204.
(pdftex.def)             Requested size: 242.61894pt x 181.96432pt.

Underfull \hbox (badness 2547) in paragraph at lines 208--208
[]\OT1/cmr/bx/n/10 Normal Dis-trub-tion His-togram of 80
 []



<C:/GitHub/DataScience/wk_04/plots/NDH of 80 Samples.png, id=31, 462.528pt x 346.896pt>
File: C:/GitHub/DataScience/wk_04/plots/NDH of 80 Samples.png Graphic file (type png)
<use C:/GitHub/DataScience/wk_04/plots/NDH of 80 Samples.png>
Package pdftex.def Info: C:/GitHub/DataScience/wk_04/plots/NDH of 80 Samples.png  used on input line 216.
(pdftex.def)             Requested size: 242.61894pt x 181.96432pt.


[5 <C:/GitHub/DataScience/wk_04/plots/NDH of 10 Samples.png> <C:/GitHub/DataScience/wk_04/plots/NDH of 20 Samples.png> <C:/GitHub/DataScience/wk_04/plots/NDH of 40 Samples.png> <C:/GitHub/DataScience/wk_04/plots/NDH of 80 Samples.png>]
Underfull \hbox (badness 1052) in paragraph at lines 222--222
[]\OT1/cmr/bx/n/10 Normal Dis-trub-tion His-togram of 160
 []

<C:/GitHub/DataScience/wk_04/plots/NDH of 160 Samples.png, id=39, 462.528pt x 346.896pt>
File: C:/GitHub/DataScience/wk_04/plots/NDH of 160 Samples.png Graphic file (type png)
<use C:/GitHub/DataScience/wk_04/plots/NDH of 160 Samples.png>
Package pdftex.def Info: C:/GitHub/DataScience/wk_04/plots/NDH of 160 Samples.png  used on input line 231.
(pdftex.def)             Requested size: 242.61894pt x 181.96432pt.

Underfull \hbox (badness 10000) in paragraph at lines 236--239

 []


Underfull \hbox (badness 10000) in paragraph at lines 240--243

 []

<C:/GitHub/DataScience/wk_04/plots/PDFHistogram 10 Samples.png, id=40, 462.528pt x 346.896pt>
File: C:/GitHub/DataScience/wk_04/plots/PDFHistogram 10 Samples.png Graphic file (type png)
<use C:/GitHub/DataScience/wk_04/plots/PDFHistogram 10 Samples.png>
Package pdftex.def Info: C:/GitHub/DataScience/wk_04/plots/PDFHistogram 10 Samples.png  used on input line 251.
(pdftex.def)             Requested size: 236.35544pt x 177.26926pt.
<C:/GitHub/DataScience/wk_04/plots/PDFHistogram 20 Samples.png, id=41, 462.528pt x 346.896pt>
File: C:/GitHub/DataScience/wk_04/plots/PDFHistogram 20 Samples.png Graphic file (type png)
<use C:/GitHub/DataScience/wk_04/plots/PDFHistogram 20 Samples.png>
Package pdftex.def Info: C:/GitHub/DataScience/wk_04/plots/PDFHistogram 20 Samples.png  used on input line 256.
(pdftex.def)             Requested size: 236.35544pt x 177.26926pt.
<C:/GitHub/DataScience/wk_04/plots/PDFHistogram 40 Samples.png, id=42, 462.528pt x 346.896pt>
File: C:/GitHub/DataScience/wk_04/plots/PDFHistogram 40 Samples.png Graphic file (type png)
<use C:/GitHub/DataScience/wk_04/plots/PDFHistogram 40 Samples.png>
Package pdftex.def Info: C:/GitHub/DataScience/wk_04/plots/PDFHistogram 40 Samples.png  used on input line 262.
(pdftex.def)             Requested size: 236.35544pt x 177.26926pt.




[6 <C:/GitHub/DataScience/wk_04/plots/NDH of 160 Samples.png> <C:/GitHub/DataScience/wk_04/plots/PDFHistogram 10 Samples.png> <C:/GitHub/DataScience/wk_04/plots/PDFHistogram 20 Samples.png> <C:/GitHub/DataScience/wk_04/plots/PDFHistogram 40 Samples.png>]
<C:/GitHub/DataScience/wk_04/plots/PDFHistogram 80 Samples.png, id=50, 462.528pt x 346.896pt>
File: C:/GitHub/DataScience/wk_04/plots/PDFHistogram 80 Samples.png Graphic file (type png)
<use C:/GitHub/DataScience/wk_04/plots/PDFHistogram 80 Samples.png>
Package pdftex.def Info: C:/GitHub/DataScience/wk_04/plots/PDFHistogram 80 Samples.png  used on input line 273.
(pdftex.def)             Requested size: 236.35544pt x 177.26926pt.
<C:/GitHub/DataScience/wk_04/plots/PDFHistogram 160 Samples.png, id=51, 462.528pt x 346.896pt>
File: C:/GitHub/DataScience/wk_04/plots/PDFHistogram 160 Samples.png Graphic file (type png)
<use C:/GitHub/DataScience/wk_04/plots/PDFHistogram 160 Samples.png>
Package pdftex.def Info: C:/GitHub/DataScience/wk_04/plots/PDFHistogram 160 Samples.png  used on input line 279.
(pdftex.def)             Requested size: 236.35544pt x 177.26926pt.

Underfull \hbox (badness 10000) in paragraph at lines 292--294

 []




Underfull \hbox (badness 10000) in paragraph at lines 307--309

 []

<C:/GitHub/DataScience/wk_04/plots/EffectSizeIterations.png, id=52, 462.528pt x 346.896pt>
File: C:/GitHub/DataScience/wk_04/plots/EffectSizeIterations.png Graphic file (type png)
<use C:/GitHub/DataScience/wk_04/plots/EffectSizeIterations.png>
Package pdftex.def Info: C:/GitHub/DataScience/wk_04/plots/EffectSizeIterations.png  used on input line 317.
(pdftex.def)             Requested size: 242.61894pt x 181.96432pt.

Underfull \hbox (badness 10000) in paragraph at lines 322--324

 []

<C:/GitHub/DataScience/wk_04/plots/HistogramSample.png, id=53, 462.528pt x 346.896pt>
File: C:/GitHub/DataScience/wk_04/plots/HistogramSample.png Graphic file (type png)
<use C:/GitHub/DataScience/wk_04/plots/HistogramSample.png>
Package pdftex.def Info: C:/GitHub/DataScience/wk_04/plots/HistogramSample.png  used on input line 336.
(pdftex.def)             Requested size: 121.30946pt x 90.9795pt.


[7 <C:/GitHub/DataScience/wk_04/plots/PDFHistogram 80 Samples.png> <C:/GitHub/DataScience/wk_04/plots/PDFHistogram 160 Samples.png> <C:/GitHub/DataScience/wk_04/plots/EffectSizeIterations.png> <C:/GitHub/DataScience/wk_04/plots/HistogramSample.png>]
Underfull \hbox (badness 10000) in paragraph at lines 344--346

 []

<C:/GitHub/DataScience/wk_04/plots/HistogramIterations.png, id=63, 462.528pt x 346.896pt>
File: C:/GitHub/DataScience/wk_04/plots/HistogramIterations.png Graphic file (type png)
<use C:/GitHub/DataScience/wk_04/plots/HistogramIterations.png>
Package pdftex.def Info: C:/GitHub/DataScience/wk_04/plots/HistogramIterations.png  used on input line 353.
(pdftex.def)             Requested size: 242.61894pt x 181.96432pt.

Underfull \hbox (badness 10000) in paragraph at lines 359--362

 []


Underfull \hbox (badness 10000) in paragraph at lines 363--366

 []

File: C:/GitHub/DataScience/wk_04/plots/HistogramSample.png Graphic file (type png)
<use C:/GitHub/DataScience/wk_04/plots/HistogramSample.png>
Package pdftex.def Info: C:/GitHub/DataScience/wk_04/plots/HistogramSample.png  used on input line 378.
(pdftex.def)             Requested size: 242.61894pt x 181.96432pt.




[8 <C:/GitHub/DataScience/wk_04/plots/HistogramIterations.png>]
Underfull \hbox (badness 10000) in paragraph at lines 423--426

 []


Underfull \hbox (badness 10000) in paragraph at lines 427--431

 []


Underfull \hbox (badness 10000) in paragraph at lines 432--436

 []


Underfull \hbox (badness 10000) in paragraph at lines 437--440

 []


Underfull \hbox (badness 10000) in paragraph at lines 441--444

 []


Underfull \hbox (badness 10000) in paragraph at lines 445--447

 []


Underfull \hbox (badness 10000) in paragraph at lines 449--452

 []


Underfull \hbox (badness 10000) in paragraph at lines 453--456

 []




Underfull \hbox (badness 10000) in paragraph at lines 459--461
\OMS/cmsy/m/n/10 ^^@\OT1/cmr/m/n/10 1\OML/cmm/m/it/10 :\OT1/cmr/m/n/10 8950644177598832$ and $1\OML/cmm/m/it/10 :\OT1/cmr/m/n/10 7796939547361557$
 []


Underfull \hbox (badness 10000) in paragraph at lines 467--469

 []



[9] (Lab_4_JIC.aux)
 ***********
LaTeX2e <2024-11-01> patch level 1
L3 programming layer <2024-12-25>
 ***********
 ) 
Here is how much of TeX's memory you used:
 2204 strings out of 473536
 41638 string characters out of 5712536
 444532 words of memory out of 5000000
 25431 multiletter control sequences out of 15000+600000
 563595 words of font info for 52 fonts, out of 8000000 for 9000
 1141 hyphenation exceptions out of 8191
 57i,11n,65p,261b,282s stack positions out of 10000i,1000n,20000p,200000b,200000s
 <C:\Users\chowdhuryj\AppData\Local\MiKTeX\fonts/pk/ljfour/jknappen/ec/dpi600\tcrm1000.pk><C:/Users/chowdhuryj/AppData/Local/Programs/MiKTeX/fonts/type1/public/amsfonts/cm/cmbx10.pfb><C:/Users/chowdhuryj/AppData/Local/Programs/MiKTeX/fonts/type1/public/amsfonts/cm/cmbx12.pfb><C:/Users/chowdhuryj/AppData/Local/Programs/MiKTeX/fonts/type1/public/amsfonts/cm/cmmi10.pfb><C:/Users/chowdhuryj/AppData/Local/Programs/MiKTeX/fonts/type1/public/amsfonts/cm/cmr10.pfb><C:/Users/chowdhuryj/AppData/Local/Programs/MiKTeX/fonts/type1/public/amsfonts/cm/cmr12.pfb><C:/Users/chowdhuryj/AppData/Local/Programs/MiKTeX/fonts/type1/public/amsfonts/cm/cmr17.pfb><C:/Users/chowdhuryj/AppData/Local/Programs/MiKTeX/fonts/type1/public/amsfonts/cm/cmr7.pfb><C:/Users/chowdhuryj/AppData/Local/Programs/MiKTeX/fonts/type1/public/amsfonts/cm/cmsy10.pfb><C:/Users/chowdhuryj/AppData/Local/Programs/MiKTeX/fonts/type1/public/amsfonts/cm/cmsy7.pfb><C:/Users/chowdhuryj/AppData/Local/Programs/MiKTeX/fonts/type1/public/amsfonts/cm/cmtt10.pfb>
Output written on Lab_4_JIC.pdf (9 pages, 433145 bytes).
PDF statistics:
 120 PDF objects out of 1000 (max. 8388607)
 0 named destinations out of 1000 (max. 500000)
 81 words of extra memory for PDF output out of 10000 (max. 10000000)

