This is pdfTeX, Version 3.141592653-2.6-1.40.26 (MiKTeX 24.4) (preloaded format=pdflatex 2025.1.26)  10 FEB 2025 23:52
entering extended mode
 restricted \write18 enabled.
 file:line:error style messages enabled.
 %&-line parsing enabled.
**c:/GitHub/DataScience/wk_03/tex/Lab_3_JIC.tex
(c:/GitHub/DataScience/wk_03/tex/Lab_3_JIC.tex
LaTeX2e <2024-11-01> patch level 1
L3 programming layer <2024-12-25>
(C:\Users\chowdhuryj\AppData\Local\Programs\MiKTeX\tex/latex/base\article.cls
Document Class: article 2024/06/29 v1.4n Standard LaTeX document class
(C:\Users\chowdhuryj\AppData\Local\Programs\MiKTeX\tex/latex/base\size10.clo
File: size10.clo 2024/06/29 v1.4n Standard LaTeX file (size option)
)
\c@part=\count196
\c@section=\count197
\c@subsection=\count198
\c@subsubsection=\count199
\c@paragraph=\count266
\c@subparagraph=\count267
\c@figure=\count268
\c@table=\count269
\abovecaptionskip=\skip49
\belowcaptionskip=\skip50
\bibindent=\dimen141
) (C:\Users\chowdhuryj\AppData\Local\Programs\MiKTeX\tex/latex/graphics\graphicx.sty
Package: graphicx 2021/09/16 v1.2d Enhanced LaTeX Graphics (DPC,SPQR)
 (C:\Users\chowdhuryj\AppData\Local\Programs\MiKTeX\tex/latex/graphics\keyval.sty
Package: keyval 2022/05/29 v1.15 key=value parser (DPC)
\KV@toks@=\toks17
) (C:\Users\chowdhuryj\AppData\Local\Programs\MiKTeX\tex/latex/graphics\graphics.sty
Package: graphics 2024/08/06 v1.4g Standard LaTeX Graphics (DPC,SPQR)
 (C:\Users\chowdhuryj\AppData\Local\Programs\MiKTeX\tex/latex/graphics\trig.sty
Package: trig 2023/12/02 v1.11 sin cos tan (DPC)
) (C:\Users\chowdhuryj\AppData\Local\Programs\MiKTeX\tex/latex/graphics-cfg\graphics.cfg
File: graphics.cfg 2016/06/04 v1.11 sample graphics configuration
)
Package graphics Info: Driver file: pdftex.def on input line 106.
 (C:\Users\chowdhuryj\AppData\Local\Programs\MiKTeX\tex/latex/graphics-def\pdftex.def
File: pdftex.def 2024/04/13 v1.2c Graphics/color driver for pdftex
))
\Gin@req@height=\dimen142
\Gin@req@width=\dimen143
) (C:\Users\chowdhuryj\AppData\Local\Programs\MiKTeX\tex/latex/geometry\geometry.sty
Package: geometry 2020/01/02 v5.9 Page Geometry
 (C:\Users\chowdhuryj\AppData\Local\Programs\MiKTeX\tex/generic/iftex\ifvtex.sty
Package: ifvtex 2019/10/25 v1.7 ifvtex legacy package. Use iftex instead.
 (C:\Users\chowdhuryj\AppData\Local\Programs\MiKTeX\tex/generic/iftex\iftex.sty
Package: iftex 2024/12/12 v1.0g TeX engine tests
))
\Gm@cnth=\count270
\Gm@cntv=\count271
\c@Gm@tempcnt=\count272
\Gm@bindingoffset=\dimen144
\Gm@wd@mp=\dimen145
\Gm@odd@mp=\dimen146
\Gm@even@mp=\dimen147
\Gm@layoutwidth=\dimen148
\Gm@layoutheight=\dimen149
\Gm@layouthoffset=\dimen150
\Gm@layoutvoffset=\dimen151
\Gm@dimlist=\toks18
 (C:\Users\chowdhuryj\AppData\Local\Programs\MiKTeX\tex/latex/geometry\geometry.cfg)) (C:\Users\chowdhuryj\AppData\Local\Programs\MiKTeX\tex/latex/amsmath\amsmath.sty
Package: amsmath 2024/11/05 v2.17t AMS math features
\@mathmargin=\skip51

For additional information on amsmath, use the `?' option.
(C:\Users\chowdhuryj\AppData\Local\Programs\MiKTeX\tex/latex/amsmath\amstext.sty
Package: amstext 2021/08/26 v2.01 AMS text
 (C:\Users\chowdhuryj\AppData\Local\Programs\MiKTeX\tex/latex/amsmath\amsgen.sty
File: amsgen.sty 1999/11/30 v2.0 generic functions
\@emptytoks=\toks19
\ex@=\dimen152
)) (C:\Users\chowdhuryj\AppData\Local\Programs\MiKTeX\tex/latex/amsmath\amsbsy.sty
Package: amsbsy 1999/11/29 v1.2d Bold Symbols
\pmbraise@=\dimen153
) (C:\Users\chowdhuryj\AppData\Local\Programs\MiKTeX\tex/latex/amsmath\amsopn.sty
Package: amsopn 2022/04/08 v2.04 operator names
)
\inf@bad=\count273
LaTeX Info: Redefining \frac on input line 233.
\uproot@=\count274
\leftroot@=\count275
LaTeX Info: Redefining \overline on input line 398.
LaTeX Info: Redefining \colon on input line 409.
\classnum@=\count276
\DOTSCASE@=\count277
LaTeX Info: Redefining \ldots on input line 495.
LaTeX Info: Redefining \dots on input line 498.
LaTeX Info: Redefining \cdots on input line 619.
\Mathstrutbox@=\box52
\strutbox@=\box53
LaTeX Info: Redefining \big on input line 721.
LaTeX Info: Redefining \Big on input line 722.
LaTeX Info: Redefining \bigg on input line 723.
LaTeX Info: Redefining \Bigg on input line 724.
\big@size=\dimen154
LaTeX Font Info:    Redeclaring font encoding OML on input line 742.
LaTeX Font Info:    Redeclaring font encoding OMS on input line 743.
\macc@depth=\count278
LaTeX Info: Redefining \bmod on input line 904.
LaTeX Info: Redefining \pmod on input line 909.
LaTeX Info: Redefining \smash on input line 939.
LaTeX Info: Redefining \relbar on input line 969.
LaTeX Info: Redefining \Relbar on input line 970.
\c@MaxMatrixCols=\count279
\dotsspace@=\muskip17
\c@parentequation=\count280
\dspbrk@lvl=\count281
\tag@help=\toks20
\row@=\count282
\column@=\count283
\maxfields@=\count284
\andhelp@=\toks21
\eqnshift@=\dimen155
\alignsep@=\dimen156
\tagshift@=\dimen157
\tagwidth@=\dimen158
\totwidth@=\dimen159
\lineht@=\dimen160
\@envbody=\toks22
\multlinegap=\skip52
\multlinetaggap=\skip53
\mathdisplay@stack=\toks23
LaTeX Info: Redefining \[ on input line 2953.
LaTeX Info: Redefining \] on input line 2954.
) (C:\Users\chowdhuryj\AppData\Local\Programs\MiKTeX\tex/latex/l3backend\l3backend-pdftex.def
File: l3backend-pdftex.def 2024-05-08 L3 backend support: PDF output (pdfTeX)
\l__color_backend_stack_int=\count285
\l__pdf_internal_box=\box54
) (Lab_3_JIC.aux)
\openout1 = `Lab_3_JIC.aux'.

LaTeX Font Info:    Checking defaults for OML/cmm/m/it on input line 7.
LaTeX Font Info:    ... okay on input line 7.
LaTeX Font Info:    Checking defaults for OMS/cmsy/m/n on input line 7.
LaTeX Font Info:    ... okay on input line 7.
LaTeX Font Info:    Checking defaults for OT1/cmr/m/n on input line 7.
LaTeX Font Info:    ... okay on input line 7.
LaTeX Font Info:    Checking defaults for T1/cmr/m/n on input line 7.
LaTeX Font Info:    ... okay on input line 7.
LaTeX Font Info:    Checking defaults for TS1/cmr/m/n on input line 7.
LaTeX Font Info:    ... okay on input line 7.
LaTeX Font Info:    Checking defaults for OMX/cmex/m/n on input line 7.
LaTeX Font Info:    ... okay on input line 7.
LaTeX Font Info:    Checking defaults for U/cmr/m/n on input line 7.
LaTeX Font Info:    ... okay on input line 7.
 (C:\Users\chowdhuryj\AppData\Local\Programs\MiKTeX\tex/context/base/mkii\supp-pdf.mkii
[Loading MPS to PDF converter (version 2006.09.02).]
\scratchcounter=\count286
\scratchdimen=\dimen161
\scratchbox=\box55
\nofMPsegments=\count287
\nofMParguments=\count288
\everyMPshowfont=\toks24
\MPscratchCnt=\count289
\MPscratchDim=\dimen162
\MPnumerator=\count290
\makeMPintoPDFobject=\count291
\everyMPtoPDFconversion=\toks25
) (C:\Users\chowdhuryj\AppData\Local\Programs\MiKTeX\tex/latex/epstopdf-pkg\epstopdf-base.sty
Package: epstopdf-base 2020-01-24 v2.11 Base part for package epstopdf
 (C:\Users\chowdhuryj\AppData\Local\Programs\MiKTeX\tex/generic/infwarerr\infwarerr.sty
Package: infwarerr 2019/12/03 v1.5 Providing info/warning/error messages (HO)
) (C:\Users\chowdhuryj\AppData\Local\Programs\MiKTeX\tex/latex/grfext\grfext.sty
Package: grfext 2019/12/03 v1.3 Manage graphics extensions (HO)
 (C:\Users\chowdhuryj\AppData\Local\Programs\MiKTeX\tex/generic/kvdefinekeys\kvdefinekeys.sty
Package: kvdefinekeys 2019-12-19 v1.6 Define keys (HO)
)) (C:\Users\chowdhuryj\AppData\Local\Programs\MiKTeX\tex/latex/kvoptions\kvoptions.sty
Package: kvoptions 2022-06-15 v3.15 Key value format for package options (HO)
 (C:\Users\chowdhuryj\AppData\Local\Programs\MiKTeX\tex/generic/ltxcmds\ltxcmds.sty
Package: ltxcmds 2023-12-04 v1.26 LaTeX kernel commands for general use (HO)
) (C:\Users\chowdhuryj\AppData\Local\Programs\MiKTeX\tex/latex/kvsetkeys\kvsetkeys.sty
Package: kvsetkeys 2022-10-05 v1.19 Key value parser (HO)
)) (C:\Users\chowdhuryj\AppData\Local\Programs\MiKTeX\tex/generic/pdftexcmds\pdftexcmds.sty
Package: pdftexcmds 2020-06-27 v0.33 Utility functions of pdfTeX for LuaTeX (HO)
Package pdftexcmds Info: \pdf@primitive is available.
Package pdftexcmds Info: \pdf@ifprimitive is available.
Package pdftexcmds Info: \pdfdraftmode found.
)
Package epstopdf-base Info: Redefining graphics rule for `.eps' on input line 485.
Package grfext Info: Graphics extension search list:
(grfext)             [.pdf,.png,.jpg,.mps,.jpeg,.jbig2,.jb2,.PDF,.PNG,.JPG,.JPEG,.JBIG2,.JB2,.eps]
(grfext)             \AppendGraphicsExtensions on input line 504.
 (C:\Users\chowdhuryj\AppData\Local\Programs\MiKTeX\tex/latex/00miktex\epstopdf-sys.cfg
File: epstopdf-sys.cfg 2021/03/18 v2.0 Configuration of epstopdf for MiKTeX
))
*geometry* driver: auto-detecting
*geometry* detected driver: pdftex
*geometry* verbose mode - [ preamble ] result:
* driver: pdftex
* paper: a4paper
* layout: <same size as paper>
* layoutoffset:(h,v)=(0.0pt,0.0pt)
* modes: 
* h-part:(L,W,R)=(36.135pt, 525.23788pt, 36.135pt)
* v-part:(T,H,B)=(36.135pt, 772.77686pt, 36.135pt)
* \paperwidth=597.50787pt
* \paperheight=845.04684pt
* \textwidth=525.23788pt
* \textheight=772.77686pt
* \oddsidemargin=-36.135pt
* \evensidemargin=-36.135pt
* \topmargin=-73.135pt
* \headheight=12.0pt
* \headsep=25.0pt
* \topskip=10.0pt
* \footskip=30.0pt
* \marginparwidth=4.0pt
* \marginparsep=10.0pt
* \columnsep=40.0pt
* \skip\footins=9.0pt plus 4.0pt minus 2.0pt
* \hoffset=0.0pt
* \voffset=0.0pt
* \mag=1000
* \@twocolumntrue
* \@twosidefalse
* \@mparswitchfalse
* \@reversemarginfalse
* (1in=72.27pt=25.4mm, 1cm=28.453pt)





[1{C:/Users/chowdhuryj/AppData/Local/MiKTeX/fonts/map/pdftex/pdftex.map}


]
<C:/GitHub/DataScience/wk_03/plots/BoxPlotFareSurvived.png, id=11, 722.7pt x 505.89pt>
File: C:/GitHub/DataScience/wk_03/plots/BoxPlotFareSurvived.png Graphic file (type png)
<use C:/GitHub/DataScience/wk_03/plots/BoxPlotFareSurvived.png>
Package pdftex.def Info: C:/GitHub/DataScience/wk_03/plots/BoxPlotFareSurvived.png  used on input line 88.
(pdftex.def)             Requested size: 242.61894pt x 169.8312pt.
<C:/GitHub/DataScience/wk_03/plots/HeatMapSexSurvived.png, id=13, 462.528pt x 346.896pt>
File: C:/GitHub/DataScience/wk_03/plots/HeatMapSexSurvived.png Graphic file (type png)
<use C:/GitHub/DataScience/wk_03/plots/HeatMapSexSurvived.png>
Package pdftex.def Info: C:/GitHub/DataScience/wk_03/plots/HeatMapSexSurvived.png  used on input line 106.
(pdftex.def)             Requested size: 242.61894pt x 181.96432pt.


LaTeX Warning: `!h' float specifier changed to `!ht'.



<C:/GitHub/DataScience/wk_03/plots/BoxPlotSibSpSurvived.png, id=14, 722.7pt x 505.89pt>
File: C:/GitHub/DataScience/wk_03/plots/BoxPlotSibSpSurvived.png Graphic file (type png)
<use C:/GitHub/DataScience/wk_03/plots/BoxPlotSibSpSurvived.png>
Package pdftex.def Info: C:/GitHub/DataScience/wk_03/plots/BoxPlotSibSpSurvived.png  used on input line 124.
(pdftex.def)             Requested size: 242.61894pt x 169.8312pt.
<C:/GitHub/DataScience/wk_03/plots/BoxPlotParchSurvived.png, id=15, 722.7pt x 505.89pt>
File: C:/GitHub/DataScience/wk_03/plots/BoxPlotParchSurvived.png Graphic file (type png)
<use C:/GitHub/DataScience/wk_03/plots/BoxPlotParchSurvived.png>
Package pdftex.def Info: C:/GitHub/DataScience/wk_03/plots/BoxPlotParchSurvived.png  used on input line 142.
(pdftex.def)             Requested size: 242.61894pt x 169.8312pt.

LaTeX Warning: `!h' float specifier changed to `!ht'.



[2 <C:/GitHub/DataScience/wk_03/plots/BoxPlotFareSurvived.png> <C:/GitHub/DataScience/wk_03/plots/HeatMapSexSurvived.png> <C:/GitHub/DataScience/wk_03/plots/BoxPlotSibSpSurvived.png>]
<C:/GitHub/DataScience/wk_03/plots/HeatMapEmbarkedSurvived.png, id=22, 462.528pt x 346.896pt>
File: C:/GitHub/DataScience/wk_03/plots/HeatMapEmbarkedSurvived.png Graphic file (type png)
<use C:/GitHub/DataScience/wk_03/plots/HeatMapEmbarkedSurvived.png>
Package pdftex.def Info: C:/GitHub/DataScience/wk_03/plots/HeatMapEmbarkedSurvived.png  used on input line 161.
(pdftex.def)             Requested size: 242.61894pt x 181.96432pt.
<C:/GitHub/DataScience/wk_03/plots/PClassVsSurvivedHeatMap.png, id=23, 462.528pt x 346.896pt>
File: C:/GitHub/DataScience/wk_03/plots/PClassVsSurvivedHeatMap.png Graphic file (type png)
<use C:/GitHub/DataScience/wk_03/plots/PClassVsSurvivedHeatMap.png>
Package pdftex.def Info: C:/GitHub/DataScience/wk_03/plots/PClassVsSurvivedHeatMap.png  used on input line 179.
(pdftex.def)             Requested size: 242.61894pt x 181.96432pt.


<C:/GitHub/DataScience/wk_03/plots/ViolionPlotSurvivedMean.png, id=24, 462.528pt x 346.896pt>
File: C:/GitHub/DataScience/wk_03/plots/ViolionPlotSurvivedMean.png Graphic file (type png)
<use C:/GitHub/DataScience/wk_03/plots/ViolionPlotSurvivedMean.png>
Package pdftex.def Info: C:/GitHub/DataScience/wk_03/plots/ViolionPlotSurvivedMean.png  used on input line 196.
(pdftex.def)             Requested size: 242.61894pt x 181.96432pt.


[3 <C:/GitHub/DataScience/wk_03/plots/BoxPlotParchSurvived.png> <C:/GitHub/DataScience/wk_03/plots/HeatMapEmbarkedSurvived.png> <C:/GitHub/DataScience/wk_03/plots/PClassVsSurvivedHeatMap.png> <C:/GitHub/DataScience/wk_03/plots/ViolionPlotSurvivedMean.png>]
<C:/GitHub/DataScience/wk_03/plots/ViolinPlotKNNSurvived.png, id=32, 462.528pt x 346.896pt>
File: C:/GitHub/DataScience/wk_03/plots/ViolinPlotKNNSurvived.png Graphic file (type png)
<use C:/GitHub/DataScience/wk_03/plots/ViolinPlotKNNSurvived.png>
Package pdftex.def Info: C:/GitHub/DataScience/wk_03/plots/ViolinPlotKNNSurvived.png  used on input line 213.
(pdftex.def)             Requested size: 242.61894pt x 181.96432pt.
<C:/GitHub/DataScience/wk_03/plots/ViolionPlotSurvivedMedian.png, id=33, 462.528pt x 346.896pt>
File: C:/GitHub/DataScience/wk_03/plots/ViolionPlotSurvivedMedian.png Graphic file (type png)
<use C:/GitHub/DataScience/wk_03/plots/ViolionPlotSurvivedMedian.png>
Package pdftex.def Info: C:/GitHub/DataScience/wk_03/plots/ViolionPlotSurvivedMedian.png  used on input line 230.
(pdftex.def)             Requested size: 242.61894pt x 181.96432pt.


<C:/GitHub/DataScience/wk_03/plots/ViolionPlotSurvivedMode.png, id=34, 462.528pt x 346.896pt>
File: C:/GitHub/DataScience/wk_03/plots/ViolionPlotSurvivedMode.png Graphic file (type png)
<use C:/GitHub/DataScience/wk_03/plots/ViolionPlotSurvivedMode.png>
Package pdftex.def Info: C:/GitHub/DataScience/wk_03/plots/ViolionPlotSurvivedMode.png  used on input line 247.
(pdftex.def)             Requested size: 242.61894pt x 181.96432pt.
<C:/GitHub/DataScience/wk_03/plots/FareAgeKNN.png, id=35, 462.528pt x 346.896pt>
File: C:/GitHub/DataScience/wk_03/plots/FareAgeKNN.png Graphic file (type png)
<use C:/GitHub/DataScience/wk_03/plots/FareAgeKNN.png>
Package pdftex.def Info: C:/GitHub/DataScience/wk_03/plots/FareAgeKNN.png  used on input line 267.
(pdftex.def)             Requested size: 242.61894pt x 181.96432pt.
<C:/GitHub/DataScience/wk_03/plots/KDE.png, id=36, 433.62pt x 433.62pt>
File: C:/GitHub/DataScience/wk_03/plots/KDE.png Graphic file (type png)
<use C:/GitHub/DataScience/wk_03/plots/KDE.png>
Package pdftex.def Info: C:/GitHub/DataScience/wk_03/plots/KDE.png  used on input line 274.
(pdftex.def)             Requested size: 242.61894pt x 242.62042pt.


[4 <C:/GitHub/DataScience/wk_03/plots/ViolinPlotKNNSurvived.png> <C:/GitHub/DataScience/wk_03/plots/ViolionPlotSurvivedMedian.png> <C:/GitHub/DataScience/wk_03/plots/ViolionPlotSurvivedMode.png> <C:/GitHub/DataScience/wk_03/plots/FareAgeKNN.png>]



[5 <C:/GitHub/DataScience/wk_03/plots/KDE.png>]



[6

] (Lab_3_JIC.aux)
 ***********
LaTeX2e <2024-11-01> patch level 1
L3 programming layer <2024-12-25>
 ***********
 ) 
Here is how much of TeX's memory you used:
 3171 strings out of 473536
 55695 string characters out of 5712536
 460719 words of memory out of 5000000
 26366 multiletter control sequences out of 15000+600000
 563961 words of font info for 54 fonts, out of 8000000 for 9000
 1141 hyphenation exceptions out of 8191
 59i,8n,67p,261b,228s stack positions out of 10000i,1000n,20000p,200000b,200000s
 <C:\Users\chowdhuryj\AppData\Local\MiKTeX\fonts/pk/ljfour/jknappen/ec/dpi600\tcrm1000.pk><C:/Users/chowdhuryj/AppData/Local/Programs/MiKTeX/fonts/type1/public/amsfonts/cm/cmbx12.pfb><C:/Users/chowdhuryj/AppData/Local/Programs/MiKTeX/fonts/type1/public/amsfonts/cm/cmr10.pfb><C:/Users/chowdhuryj/AppData/Local/Programs/MiKTeX/fonts/type1/public/amsfonts/cm/cmr12.pfb><C:/Users/chowdhuryj/AppData/Local/Programs/MiKTeX/fonts/type1/public/amsfonts/cm/cmr17.pfb><C:/Users/chowdhuryj/AppData/Local/Programs/MiKTeX/fonts/type1/public/amsfonts/cm/cmtt10.pfb>
Output written on Lab_3_JIC.pdf (6 pages, 397743 bytes).
PDF statistics:
 76 PDF objects out of 1000 (max. 8388607)
 0 named destinations out of 1000 (max. 500000)
 61 words of extra memory for PDF output out of 10000 (max. 10000000)

